<?xml version="1.0" encoding="UTF-8"?>
<!-- Generated by org.testng.reporters.JUnitReportReporter -->
<testsuite skipped="0" hostname="MEL-004253" name="Get200" tests="3" failures="0" timestamp="19 Nov 2018 01:57:20 GMT" time="3.984" errors="0">
  <testcase name="rateLimitReturns200" time="0.959" classname="Get200"/>
  <testcase name="baseUrlReturns200" time="1.107" classname="Get200"/>
  <testcase name="searchReposReturns200" time="1.918" classname="Get200"/>
</testsuite> <!-- Get200 -->
