<?xml version="1.0" encoding="UTF-8"?>
<!-- Generated by org.testng.reporters.JUnitReportReporter -->
<testsuite skipped="0" hostname="MEL-004253" name="Get401" tests="3" failures="0" timestamp="19 Nov 2018 01:57:39 GMT" time="3.143" errors="0">
  <testcase name="returns401" time="1.013" classname="Get401"/>
  <testcase name="returns401" time="0.865" classname="Get401"/>
  <testcase name="returns401" time="1.265" classname="Get401"/>
</testsuite> <!-- Get401 -->
