<?xml version="1.0" encoding="UTF-8"?>
<!-- Generated by org.testng.reporters.JUnitReportReporter -->
<testsuite skipped="0" hostname="MEL-004253" name="ResponseHeaders" tests="4" failures="0" timestamp="19 Nov 2018 02:30:36 GMT" time="4.364" errors="0">
  <testcase name="contentTypeIsJson" time="1.083" classname="ResponseHeaders"/>
  <testcase name="xRateLimitIsSixty" time="1.014" classname="ResponseHeaders"/>
  <testcase name="eTagIsPresent" time="0.860" classname="ResponseHeaders"/>
  <testcase name="serverIsGitHub" time="1.407" classname="ResponseHeaders"/>
</testsuite> <!-- ResponseHeaders -->
